{"/home/icaro/lab3/lab3/src/hello_world.ts": {"path":"/home/icaro/lab3/lab3/src/hello_world.ts","statementMap":{"0":{"start":{"line":2,"column":0},"end":{"line":2,"column":16}},"1":{"start":{"line":1,"column":17},"end":{"line":1,"column":24}},"2":{"start":{"line":3,"column":2},"end":{"line":3,"column":27}}},"fnMap":{"0":{"name":"hello","decl":{"start":{"line":2,"column":16},"end":{"line":2,"column":21}},"loc":{"start":{"line":2,"column":46},"end":{"line":4,"column":1}}}},"branchMap":{"0":{"loc":{"start":{"line":2,"column":22},"end":{"line":2,"column":46}},"type":"default-arg","locations":[{"start":{"line":2,"column":38},"end":{"line":2,"column":46}}]}},"s":{"0":1,"1":1,"2":1},"f":{"0":1},"b":{"0":[1]}}
}
